<?xml version="1.0" encoding="UTF-8" ?>
<testsuite errors="0" failures="0" hostname="Eamonns-iMac.local" name="com.saasplex.eco.EcoEngineTests" tests="1" time="1.387" timestamp="2012-01-27T09:17:17">
  <properties />
  <testcase classname="com.saasplex.eco.EcoEngineTests" name="testCompile" time="1.378" />
  <system-out><![CDATA[--Output from testCompile--
]]></system-out>
  <system-err><![CDATA[--Output from testCompile--
]]></system-err>
</testsuite>
